<?xml version="1.0" encoding="UTF-8"?>
<!-- Generated by org.testng.reporters.JUnitReportReporter -->
<testsuite name="com.test.LoginTest" tests="1" time="0.021" ignored="0" failures="0" timestamp="10 Jun 2021 05:41:34 GMT" skipped="0" hostname="DESKTOP-85ELAF0" errors="0">
  <testcase name="testone" time="0.021" classname="com.test.LoginTest"/>
</testsuite> <!-- com.test.LoginTest -->
